Flow report for AGHnoid
Wed Jan 25 14:51:30 2017
Quartus II 64-Bit Version 13.0.1 Build 232 06/12/2013 Service Pack 1 SJ Web Edition


---------------------
; Table of Contents ;
---------------------
  1. Legal Notice
  2. Flow Summary
  3. Flow Settings
  4. Flow Non-Default Global Settings
  5. Flow Elapsed Time
  6. Flow OS Summary
  7. Flow Log
  8. Flow Messages
  9. Flow Suppressed Messages



----------------
; Legal Notice ;
----------------
Copyright (C) 1991-2013 Altera Corporation
Your use of Altera Corporation's design tools, logic functions 
and other software and tools, and its AMPP partner logic 
functions, and any output files from any of the foregoing 
(including device programming or simulation files), and any 
associated documentation or information are expressly subject 
to the terms and conditions of the Altera Program License 
Subscription Agreement, Altera MegaCore Function License 
Agreement, or other applicable license agreement, including, 
without limitation, that your use is for the sole purpose of 
programming logic devices manufactured by Altera and sold by 
Altera or its authorized distributors.  Please refer to the 
applicable agreement for further details.



+--------------------------------------------------------------------------------------+
; Flow Summary                                                                         ;
+------------------------------------+-------------------------------------------------+
; Flow Status                        ; Successful - Wed Jan 25 14:51:18 2017           ;
; Quartus II 64-Bit Version          ; 13.0.1 Build 232 06/12/2013 SP 1 SJ Web Edition ;
; Revision Name                      ; AGHnoid                                         ;
; Top-level Entity Name              ; aghnoid                                         ;
; Family                             ; Cyclone II                                      ;
; Device                             ; EP2C70F896C6                                    ;
; Timing Models                      ; Final                                           ;
; Total logic elements               ; 43,634 / 68,416 ( 64 % )                        ;
;     Total combinational functions  ; 43,598 / 68,416 ( 64 % )                        ;
;     Dedicated logic registers      ; 573 / 68,416 ( < 1 % )                          ;
; Total registers                    ; 574                                             ;
; Total pins                         ; 86 / 622 ( 14 % )                               ;
; Total virtual pins                 ; 0                                               ;
; Total memory bits                  ; 0 / 1,152,000 ( 0 % )                           ;
; Embedded Multiplier 9-bit elements ; 300 / 300 ( 100 % )                             ;
; Total PLLs                         ; 0 / 4 ( 0 % )                                   ;
+------------------------------------+-------------------------------------------------+


+-----------------------------------------+
; Flow Settings                           ;
+-------------------+---------------------+
; Option            ; Setting             ;
+-------------------+---------------------+
; Start date & time ; 01/25/2017 14:27:19 ;
; Main task         ; Compilation         ;
; Revision Name     ; AGHnoid             ;
+-------------------+---------------------+


+---------------------------------------------------------------------------------------------------------------------+
; Flow Non-Default Global Settings                                                                                    ;
+-------------------------------------+--------------------------------+---------------+-------------+----------------+
; Assignment Name                     ; Value                          ; Default Value ; Entity Name ; Section Id     ;
+-------------------------------------+--------------------------------+---------------+-------------+----------------+
; COMPILER_SIGNATURE_ID               ; 84440840957290.148535083602412 ; --            ; --          ; --             ;
; MAX_CORE_JUNCTION_TEMP              ; 85                             ; --            ; --          ; --             ;
; MIN_CORE_JUNCTION_TEMP              ; 0                              ; --            ; --          ; --             ;
; PARTITION_COLOR                     ; 16764057                       ; --            ; aghnoid     ; Top            ;
; PARTITION_FITTER_PRESERVATION_LEVEL ; PLACEMENT_AND_ROUTING          ; --            ; aghnoid     ; Top            ;
; PARTITION_NETLIST_TYPE              ; SOURCE                         ; --            ; aghnoid     ; Top            ;
; USE_GENERATED_PHYSICAL_CONSTRAINTS  ; Off                            ; --            ; --          ; eda_blast_fpga ;
+-------------------------------------+--------------------------------+---------------+-------------+----------------+


+-------------------------------------------------------------------------------------------------------------------------------+
; Flow Elapsed Time                                                                                                             ;
+---------------------------+--------------+-------------------------+---------------------+------------------------------------+
; Module Name               ; Elapsed Time ; Average Processors Used ; Peak Virtual Memory ; Total CPU Time (on all processors) ;
+---------------------------+--------------+-------------------------+---------------------+------------------------------------+
; Analysis & Synthesis      ; 00:04:54     ; 1.0                     ; 747 MB              ; 00:04:53                           ;
; Fitter                    ; 00:18:50     ; 1.0                     ; 1213 MB             ; 00:18:44                           ;
; Assembler                 ; 00:00:05     ; 1.0                     ; 591 MB              ; 00:00:05                           ;
; TimeQuest Timing Analyzer ; 00:00:11     ; 1.0                     ; 945 MB              ; 00:00:10                           ;
; Total                     ; 00:24:00     ; --                      ; --                  ; 00:23:52                           ;
+---------------------------+--------------+-------------------------+---------------------+------------------------------------+


+----------------------------------------------------------------------------------------+
; Flow OS Summary                                                                        ;
+---------------------------+------------------+-----------+------------+----------------+
; Module Name               ; Machine Hostname ; OS Name   ; OS Version ; Processor type ;
+---------------------------+------------------+-----------+------------+----------------+
; Analysis & Synthesis      ; utclab-08        ; Windows 7 ; 6.2        ; x86_64         ;
; Fitter                    ; utclab-08        ; Windows 7 ; 6.2        ; x86_64         ;
; Assembler                 ; utclab-08        ; Windows 7 ; 6.2        ; x86_64         ;
; TimeQuest Timing Analyzer ; utclab-08        ; Windows 7 ; 6.2        ; x86_64         ;
+---------------------------+------------------+-----------+------------+----------------+


------------
; Flow Log ;
------------
quartus_map --read_settings_files=on --write_settings_files=off AGHnoid -c AGHnoid
quartus_fit --read_settings_files=off --write_settings_files=off AGHnoid -c AGHnoid
quartus_asm --read_settings_files=off --write_settings_files=off AGHnoid -c AGHnoid
quartus_sta AGHnoid -c AGHnoid



